gyp info it worked if it ends with ok
gyp info using node-gyp@9.1.0
gyp info using node@18.12.1 | linux | x64
gyp info find Python using Python version 3.8.10 found at "/usr/bin/python3"
gyp info spawn /usr/bin/python3
gyp info spawn args [
gyp info spawn args   '/usr/lib/node_modules/npm/node_modules/node-gyp/gyp/gyp_main.py',
gyp info spawn args   'binding.gyp',
gyp info spawn args   '-f',
gyp info spawn args   'make',
gyp info spawn args   '-I',
gyp info spawn args   '/home/isaak/Workspace/ipfsDapp/client/node_modules/ursa-optional/build/config.gypi',
gyp info spawn args   '-I',
gyp info spawn args   '/usr/lib/node_modules/npm/node_modules/node-gyp/addon.gypi',
gyp info spawn args   '-I',
gyp info spawn args   '/home/isaak/.cache/node-gyp/18.12.1/include/node/common.gypi',
gyp info spawn args   '-Dlibrary=shared_library',
gyp info spawn args   '-Dvisibility=default',
gyp info spawn args   '-Dnode_root_dir=/home/isaak/.cache/node-gyp/18.12.1',
gyp info spawn args   '-Dnode_gyp_dir=/usr/lib/node_modules/npm/node_modules/node-gyp',
gyp info spawn args   '-Dnode_lib_file=/home/isaak/.cache/node-gyp/18.12.1/<(target_arch)/node.lib',
gyp info spawn args   '-Dmodule_root_dir=/home/isaak/Workspace/ipfsDapp/client/node_modules/ursa-optional',
gyp info spawn args   '-Dnode_engine=v8',
gyp info spawn args   '--depth=.',
gyp info spawn args   '--no-parallel',
gyp info spawn args   '--generator-output',
gyp info spawn args   'build',
gyp info spawn args   '-Goutput_dir=.'
gyp info spawn args ]
gyp info spawn make
gyp info spawn args [ 'BUILDTYPE=Release', '-C', 'build' ]
In file included from ../src/ursaNative.h:9,
                 from ../src/ursaNative.cc:3:
/home/isaak/.cache/node-gyp/18.12.1/include/node/node.h:976:43: warning: cast between incompatible function types from ‘void (*)(v8::Local<v8::Object>)’ to ‘node::addon_register_func’ {aka ‘void (*)(v8::Local<v8::Object>, v8::Local<v8::Value>, void*)’} [-Wcast-function-type]
  976 |       (node::addon_register_func) (regfunc),                          \
      |                                           ^
/home/isaak/.cache/node-gyp/18.12.1/include/node/node.h:1010:3: note: in expansion of macro ‘NODE_MODULE_X’
 1010 |   NODE_MODULE_X(modname, regfunc, NULL, 0)  // NOLINT (readability/null_usage)
      |   ^~~~~~~~~~~~~
../src/ursaNative.cc:389:1: note: in expansion of macro ‘NODE_MODULE’
  389 | NODE_MODULE(ursaNative, init)
      | ^~~~~~~~~~~
../src/ursaNative.cc: In function ‘char* copyBufferToUtf8String(v8::Local<v8::String>)’:
../src/ursaNative.cc:543:32: error: no matching function for call to ‘v8::String::Utf8Length()’
  543 |   int length = str->Utf8Length();
      |                                ^
In file included from /home/isaak/.cache/node-gyp/18.12.1/include/node/v8-object.h:11,
                 from /home/isaak/.cache/node-gyp/18.12.1/include/node/v8-array-buffer.h:13,
                 from /home/isaak/.cache/node-gyp/18.12.1/include/node/v8.h:24,
                 from /home/isaak/.cache/node-gyp/18.12.1/include/node/node.h:73,
                 from ../src/ursaNative.h:9,
                 from ../src/ursaNative.cc:3:
/home/isaak/.cache/node-gyp/18.12.1/include/node/v8-primitive.h:142:7: note: candidate: ‘int v8::String::Utf8Length(v8::Isolate*) const’
  142 |   int Utf8Length(Isolate* isolate) const;
      |       ^~~~~~~~~~
/home/isaak/.cache/node-gyp/18.12.1/include/node/v8-primitive.h:142:7: note:   candidate expects 1 argument, 0 provided
../src/ursaNative.cc:553:18: error: cannot convert ‘char*’ to ‘v8::Isolate*’
  553 |   str->WriteUtf8(result, length + 1);
      |                  ^~~~~~
      |                  |
      |                  char*
In file included from /home/isaak/.cache/node-gyp/18.12.1/include/node/v8-object.h:11,
                 from /home/isaak/.cache/node-gyp/18.12.1/include/node/v8-array-buffer.h:13,
                 from /home/isaak/.cache/node-gyp/18.12.1/include/node/v8.h:24,
                 from /home/isaak/.cache/node-gyp/18.12.1/include/node/node.h:73,
                 from ../src/ursaNative.h:9,
                 from ../src/ursaNative.cc:3:
/home/isaak/.cache/node-gyp/18.12.1/include/node/v8-primitive.h:202:26: note:   initializing argument 1 of ‘int v8::String::WriteUtf8(v8::Isolate*, char*, int, int*, int) const’
  202 |   int WriteUtf8(Isolate* isolate, char* buffer, int length = -1,
      |                 ~~~~~~~~~^~~~~~~
../src/ursaNative.cc: In function ‘RSA* generateKey(int, long unsigned int)’:
../src/ursaNative.cc:588:25: warning: ‘RSA* RSA_new()’ is deprecated: Since OpenSSL 3.0 [-Wdeprecated-declarations]
  588 |   RSA *result = RSA_new();
      |                         ^
In file included from ../src/ursaNative.h:13,
                 from ../src/ursaNative.cc:3:
/home/isaak/.cache/node-gyp/18.12.1/include/node/openssl/rsa.h:201:28: note: declared here
  201 | OSSL_DEPRECATEDIN_3_0 RSA *RSA_new(void);
      |                            ^~~~~~~
../src/ursaNative.cc:588:25: warning: ‘RSA* RSA_new()’ is deprecated: Since OpenSSL 3.0 [-Wdeprecated-declarations]
  588 |   RSA *result = RSA_new();
      |                         ^
In file included from ../src/ursaNative.h:13,
                 from ../src/ursaNative.cc:3:
/home/isaak/.cache/node-gyp/18.12.1/include/node/openssl/rsa.h:201:28: note: declared here
  201 | OSSL_DEPRECATEDIN_3_0 RSA *RSA_new(void);
      |                            ^~~~~~~
../src/ursaNative.cc:596:50: warning: ‘int RSA_generate_key_ex(RSA*, int, BIGNUM*, BN_GENCB*)’ is deprecated: Since OpenSSL 3.0 [-Wdeprecated-declarations]
  596 |   if (RSA_generate_key_ex(result, num, eBig, NULL) < 0)
      |                                                  ^
In file included from ../src/ursaNative.h:13,
                 from ../src/ursaNative.cc:3:
/home/isaak/.cache/node-gyp/18.12.1/include/node/openssl/rsa.h:260:27: note: declared here
  260 | OSSL_DEPRECATEDIN_3_0 int RSA_generate_key_ex(RSA *rsa, int bits, BIGNUM *e,
      |                           ^~~~~~~~~~~~~~~~~~~
../src/ursaNative.cc:596:50: warning: ‘int RSA_generate_key_ex(RSA*, int, BIGNUM*, BN_GENCB*)’ is deprecated: Since OpenSSL 3.0 [-Wdeprecated-declarations]
  596 |   if (RSA_generate_key_ex(result, num, eBig, NULL) < 0)
      |                                                  ^
In file included from ../src/ursaNative.h:13,
                 from ../src/ursaNative.cc:3:
/home/isaak/.cache/node-gyp/18.12.1/include/node/openssl/rsa.h:260:27: note: declared here
  260 | OSSL_DEPRECATEDIN_3_0 int RSA_generate_key_ex(RSA *rsa, int bits, BIGNUM *e,
      |                           ^~~~~~~~~~~~~~~~~~~
../src/ursaNative.cc:598:20: warning: ‘void RSA_free(RSA*)’ is deprecated: Since OpenSSL 3.0 [-Wdeprecated-declarations]
  598 |     RSA_free(result);
      |                    ^
In file included from ../src/ursaNative.h:13,
                 from ../src/ursaNative.cc:3:
/home/isaak/.cache/node-gyp/18.12.1/include/node/openssl/rsa.h:293:28: note: declared here
  293 | OSSL_DEPRECATEDIN_3_0 void RSA_free(RSA *r);
      |                            ^~~~~~~~
../src/ursaNative.cc:598:20: warning: ‘void RSA_free(RSA*)’ is deprecated: Since OpenSSL 3.0 [-Wdeprecated-declarations]
  598 |     RSA_free(result);
      |                    ^
In file included from ../src/ursaNative.h:13,
                 from ../src/ursaNative.cc:3:
/home/isaak/.cache/node-gyp/18.12.1/include/node/openssl/rsa.h:293:28: note: declared here
  293 | OSSL_DEPRECATEDIN_3_0 void RSA_free(RSA *r);
      |                            ^~~~~~~~
../src/ursaNative.cc: In static member function ‘static void RsaWrap::InitClass(v8::Local<v8::Object>)’:
../src/ursaNative.cc:690:68: error: no matching function for call to ‘v8::FunctionTemplate::GetFunction()’
  690 |   target->Set(NanNew("RsaWrap").ToLocalChecked(), tpl->GetFunction());
      |                                                                    ^
In file included from /home/isaak/.cache/node-gyp/18.12.1/include/node/v8-function.h:15,
                 from /home/isaak/.cache/node-gyp/18.12.1/include/node/v8.h:33,
                 from /home/isaak/.cache/node-gyp/18.12.1/include/node/node.h:73,
                 from ../src/ursaNative.h:9,
                 from ../src/ursaNative.cc:3:
/home/isaak/.cache/node-gyp/18.12.1/include/node/v8-template.h:513:46: note: candidate: ‘v8::MaybeLocal<v8::Function> v8::FunctionTemplate::GetFunction(v8::Local<v8::Context>)’
  513 |   V8_WARN_UNUSED_RESULT MaybeLocal<Function> GetFunction(
      |                                              ^~~~~~~~~~~
/home/isaak/.cache/node-gyp/18.12.1/include/node/v8-template.h:513:46: note:   candidate expects 1 argument, 0 provided
../src/ursaNative.cc:691:38: error: no matching function for call to ‘v8::FunctionTemplate::GetFunction()’
  691 |   constructor.Reset(tpl->GetFunction());
      |                                      ^
In file included from /home/isaak/.cache/node-gyp/18.12.1/include/node/v8-function.h:15,
                 from /home/isaak/.cache/node-gyp/18.12.1/include/node/v8.h:33,
                 from /home/isaak/.cache/node-gyp/18.12.1/include/node/node.h:73,
                 from ../src/ursaNative.h:9,
                 from ../src/ursaNative.cc:3:
/home/isaak/.cache/node-gyp/18.12.1/include/node/v8-template.h:513:46: note: candidate: ‘v8::MaybeLocal<v8::Function> v8::FunctionTemplate::GetFunction(v8::Local<v8::Context>)’
  513 |   V8_WARN_UNUSED_RESULT MaybeLocal<Function> GetFunction(
      |                                              ^~~~~~~~~~~
/home/isaak/.cache/node-gyp/18.12.1/include/node/v8-template.h:513:46: note:   candidate expects 1 argument, 0 provided
../src/ursaNative.cc:693:104: error: no matching function for call to ‘v8::FunctionTemplate::GetFunction()’
  693 |   target->Set(NanNew("textToNid").ToLocalChecked(), Nan::New<FunctionTemplate>(TextToNid)->GetFunction());
      |                                                                                                        ^
In file included from /home/isaak/.cache/node-gyp/18.12.1/include/node/v8-function.h:15,
                 from /home/isaak/.cache/node-gyp/18.12.1/include/node/v8.h:33,
                 from /home/isaak/.cache/node-gyp/18.12.1/include/node/node.h:73,
                 from ../src/ursaNative.h:9,
                 from ../src/ursaNative.cc:3:
/home/isaak/.cache/node-gyp/18.12.1/include/node/v8-template.h:513:46: note: candidate: ‘v8::MaybeLocal<v8::Function> v8::FunctionTemplate::GetFunction(v8::Local<v8::Context>)’
  513 |   V8_WARN_UNUSED_RESULT MaybeLocal<Function> GetFunction(
      |                                              ^~~~~~~~~~~
/home/isaak/.cache/node-gyp/18.12.1/include/node/v8-template.h:513:46: note:   candidate expects 1 argument, 0 provided
../src/ursaNative.cc: In destructor ‘virtual RsaWrap::~RsaWrap()’:
../src/ursaNative.cc:713:17: warning: ‘void RSA_free(RSA*)’ is deprecated: Since OpenSSL 3.0 [-Wdeprecated-declarations]
  713 |     RSA_free(rsa);
      |                 ^
In file included from ../src/ursaNative.h:13,
                 from ../src/ursaNative.cc:3:
/home/isaak/.cache/node-gyp/18.12.1/include/node/openssl/rsa.h:293:28: note: declared here
  293 | OSSL_DEPRECATEDIN_3_0 void RSA_free(RSA *r);
      |                            ^~~~~~~~
../src/ursaNative.cc:713:17: warning: ‘void RSA_free(RSA*)’ is deprecated: Since OpenSSL 3.0 [-Wdeprecated-declarations]
  713 |     RSA_free(rsa);
      |                 ^
In file included from ../src/ursaNative.h:13,
                 from ../src/ursaNative.cc:3:
/home/isaak/.cache/node-gyp/18.12.1/include/node/openssl/rsa.h:293:28: note: declared here
  293 | OSSL_DEPRECATEDIN_3_0 void RSA_free(RSA *r);
      |                            ^~~~~~~~
../src/ursaNative.cc: In static member function ‘static Nan::NAN_METHOD_RETURN_TYPE RsaWrap::OpenPublicSshKey(Nan::NAN_METHOD_ARGS_TYPE)’:
../src/ursaNative.cc:740:24: warning: ‘RSA* RSA_new()’ is deprecated: Since OpenSSL 3.0 [-Wdeprecated-declarations]
  740 |     obj->rsa = RSA_new();
      |                        ^
In file included from ../src/ursaNative.h:13,
                 from ../src/ursaNative.cc:3:
/home/isaak/.cache/node-gyp/18.12.1/include/node/openssl/rsa.h:201:28: note: declared here
  201 | OSSL_DEPRECATEDIN_3_0 RSA *RSA_new(void);
      |                            ^~~~~~~
../src/ursaNative.cc:740:24: warning: ‘RSA* RSA_new()’ is deprecated: Since OpenSSL 3.0 [-Wdeprecated-declarations]
  740 |     obj->rsa = RSA_new();
      |                        ^
In file included from ../src/ursaNative.h:13,
                 from ../src/ursaNative.cc:3:
/home/isaak/.cache/node-gyp/18.12.1/include/node/openssl/rsa.h:201:28: note: declared here
  201 | OSSL_DEPRECATEDIN_3_0 RSA *RSA_new(void);
      |                            ^~~~~~~
../src/ursaNative.cc:748:54: warning: ‘int RSA_set0_key(RSA*, BIGNUM*, BIGNUM*, BIGNUM*)’ is deprecated: Since OpenSSL 3.0 [-Wdeprecated-declarations]
  748 |   RSA_set0_key(obj->rsa, obj->rsa_n, obj->rsa_e, NULL);
      |                                                      ^
In file included from ../src/ursaNative.h:13,
                 from ../src/ursaNative.cc:3:
/home/isaak/.cache/node-gyp/18.12.1/include/node/openssl/rsa.h:207:27: note: declared here
  207 | OSSL_DEPRECATEDIN_3_0 int RSA_set0_key(RSA *r, BIGNUM *n, BIGNUM *e, BIGNUM *d);
      |                           ^~~~~~~~~~~~
../src/ursaNative.cc:748:54: warning: ‘int RSA_set0_key(RSA*, BIGNUM*, BIGNUM*, BIGNUM*)’ is deprecated: Since OpenSSL 3.0 [-Wdeprecated-declarations]
  748 |   RSA_set0_key(obj->rsa, obj->rsa_n, obj->rsa_e, NULL);
      |                                                      ^
In file included from ../src/ursaNative.h:13,
                 from ../src/ursaNative.cc:3:
/home/isaak/.cache/node-gyp/18.12.1/include/node/openssl/rsa.h:207:27: note: declared here
  207 | OSSL_DEPRECATEDIN_3_0 int RSA_set0_key(RSA *r, BIGNUM *n, BIGNUM *e, BIGNUM *d);
      |                           ^~~~~~~~~~~~
../src/ursaNative.cc: In static member function ‘static RsaWrap* RsaWrap::expectPrivateKey(RsaWrap*)’:
../src/ursaNative.cc:766:68: warning: ‘void RSA_get0_key(const RSA*, const BIGNUM**, const BIGNUM**, const BIGNUM**)’ is deprecated: Since OpenSSL 3.0 [-Wdeprecated-declarations]
  766 |     RSA_get0_key(obj->rsa, NULL, NULL, (const BIGNUM **)&obj->rsa_d);
      |                                                                    ^
In file included from ../src/ursaNative.h:13,
                 from ../src/ursaNative.cc:3:
/home/isaak/.cache/node-gyp/18.12.1/include/node/openssl/rsa.h:217:28: note: declared here
  217 | OSSL_DEPRECATEDIN_3_0 void RSA_get0_key(const RSA *r,
      |                            ^~~~~~~~~~~~
../src/ursaNative.cc:766:68: warning: ‘void RSA_get0_key(const RSA*, const BIGNUM**, const BIGNUM**, const BIGNUM**)’ is deprecated: Since OpenSSL 3.0 [-Wdeprecated-declarations]
  766 |     RSA_get0_key(obj->rsa, NULL, NULL, (const BIGNUM **)&obj->rsa_d);
      |                                                                    ^
In file included from ../src/ursaNative.h:13,
                 from ../src/ursaNative.cc:3:
/home/isaak/.cache/node-gyp/18.12.1/include/node/openssl/rsa.h:217:28: note: declared here
  217 | OSSL_DEPRECATEDIN_3_0 void RSA_get0_key(const RSA *r,
      |                            ^~~~~~~~~~~~
../src/ursaNative.cc: In static member function ‘static Nan::NAN_METHOD_RETURN_TYPE RsaWrap::GeneratePrivateKey(Nan::NAN_METHOD_ARGS_TYPE)’:
../src/ursaNative.cc:866:42: error: no matching function for call to ‘v8::Value::Uint32Value()’
  866 |   int modulusBits = args[0]->Uint32Value();
      |                                          ^
In file included from /home/isaak/.cache/node-gyp/18.12.1/include/node/v8-primitive.h:11,
                 from /home/isaak/.cache/node-gyp/18.12.1/include/node/v8-object.h:11,
                 from /home/isaak/.cache/node-gyp/18.12.1/include/node/v8-array-buffer.h:13,
                 from /home/isaak/.cache/node-gyp/18.12.1/include/node/v8.h:24,
                 from /home/isaak/.cache/node-gyp/18.12.1/include/node/node.h:73,
                 from ../src/ursaNative.h:9,
                 from ../src/ursaNative.cc:3:
/home/isaak/.cache/node-gyp/18.12.1/include/node/v8-value.h:416:41: note: candidate: ‘v8::Maybe<unsigned int> v8::Value::Uint32Value(v8::Local<v8::Context>) const’
  416 |   V8_WARN_UNUSED_RESULT Maybe<uint32_t> Uint32Value(
      |                                         ^~~~~~~~~~~
/home/isaak/.cache/node-gyp/18.12.1/include/node/v8-value.h:416:41: note:   candidate expects 1 argument, 0 provided
../src/ursaNative.cc:867:39: error: no matching function for call to ‘v8::Value::Uint32Value()’
  867 |   int exponent = args[1]->Uint32Value();
      |                                       ^
In file included from /home/isaak/.cache/node-gyp/18.12.1/include/node/v8-primitive.h:11,
                 from /home/isaak/.cache/node-gyp/18.12.1/include/node/v8-object.h:11,
                 from /home/isaak/.cache/node-gyp/18.12.1/include/node/v8-array-buffer.h:13,
                 from /home/isaak/.cache/node-gyp/18.12.1/include/node/v8.h:24,
                 from /home/isaak/.cache/node-gyp/18.12.1/include/node/node.h:73,
                 from ../src/ursaNative.h:9,
                 from ../src/ursaNative.cc:3:
/home/isaak/.cache/node-gyp/18.12.1/include/node/v8-value.h:416:41: note: candidate: ‘v8::Maybe<unsigned int> v8::Value::Uint32Value(v8::Local<v8::Context>) const’
  416 |   V8_WARN_UNUSED_RESULT Maybe<uint32_t> Uint32Value(
      |                                         ^~~~~~~~~~~
/home/isaak/.cache/node-gyp/18.12.1/include/node/v8-value.h:416:41: note:   candidate expects 1 argument, 0 provided
../src/ursaNative.cc: In static member function ‘static Nan::NAN_METHOD_RETURN_TYPE RsaWrap::GetExponent(Nan::NAN_METHOD_ARGS_TYPE)’:
../src/ursaNative.cc:922:66: warning: ‘void RSA_get0_key(const RSA*, const BIGNUM**, const BIGNUM**, const BIGNUM**)’ is deprecated: Since OpenSSL 3.0 [-Wdeprecated-declarations]
  922 |   RSA_get0_key(obj->rsa, NULL, (const BIGNUM **)&obj->rsa_e, NULL);
      |                                                                  ^
In file included from ../src/ursaNative.h:13,
                 from ../src/ursaNative.cc:3:
/home/isaak/.cache/node-gyp/18.12.1/include/node/openssl/rsa.h:217:28: note: declared here
  217 | OSSL_DEPRECATEDIN_3_0 void RSA_get0_key(const RSA *r,
      |                            ^~~~~~~~~~~~
../src/ursaNative.cc:922:66: warning: ‘void RSA_get0_key(const RSA*, const BIGNUM**, const BIGNUM**, const BIGNUM**)’ is deprecated: Since OpenSSL 3.0 [-Wdeprecated-declarations]
  922 |   RSA_get0_key(obj->rsa, NULL, (const BIGNUM **)&obj->rsa_e, NULL);
      |                                                                  ^
In file included from ../src/ursaNative.h:13,
                 from ../src/ursaNative.cc:3:
/home/isaak/.cache/node-gyp/18.12.1/include/node/openssl/rsa.h:217:28: note: declared here
  217 | OSSL_DEPRECATEDIN_3_0 void RSA_get0_key(const RSA *r,
      |                            ^~~~~~~~~~~~
../src/ursaNative.cc: In static member function ‘static Nan::NAN_METHOD_RETURN_TYPE RsaWrap::GetPrivateExponent(Nan::NAN_METHOD_ARGS_TYPE)’:
../src/ursaNative.cc:943:66: warning: ‘void RSA_get0_key(const RSA*, const BIGNUM**, const BIGNUM**, const BIGNUM**)’ is deprecated: Since OpenSSL 3.0 [-Wdeprecated-declarations]
  943 |   RSA_get0_key(obj->rsa, NULL, NULL, (const BIGNUM **)&obj->rsa_d);
      |                                                                  ^
In file included from ../src/ursaNative.h:13,
                 from ../src/ursaNative.cc:3:
/home/isaak/.cache/node-gyp/18.12.1/include/node/openssl/rsa.h:217:28: note: declared here
  217 | OSSL_DEPRECATEDIN_3_0 void RSA_get0_key(const RSA *r,
      |                            ^~~~~~~~~~~~
../src/ursaNative.cc:943:66: warning: ‘void RSA_get0_key(const RSA*, const BIGNUM**, const BIGNUM**, const BIGNUM**)’ is deprecated: Since OpenSSL 3.0 [-Wdeprecated-declarations]
  943 |   RSA_get0_key(obj->rsa, NULL, NULL, (const BIGNUM **)&obj->rsa_d);
      |                                                                  ^
In file included from ../src/ursaNative.h:13,
                 from ../src/ursaNative.cc:3:
/home/isaak/.cache/node-gyp/18.12.1/include/node/openssl/rsa.h:217:28: note: declared here
  217 | OSSL_DEPRECATEDIN_3_0 void RSA_get0_key(const RSA *r,
      |                            ^~~~~~~~~~~~
../src/ursaNative.cc: In static member function ‘static Nan::NAN_METHOD_RETURN_TYPE RsaWrap::GetModulus(Nan::NAN_METHOD_ARGS_TYPE)’:
../src/ursaNative.cc:963:66: warning: ‘void RSA_get0_key(const RSA*, const BIGNUM**, const BIGNUM**, const BIGNUM**)’ is deprecated: Since OpenSSL 3.0 [-Wdeprecated-declarations]
  963 |   RSA_get0_key(obj->rsa, (const BIGNUM **)&obj->rsa_n, NULL, NULL);
      |                                                                  ^
In file included from ../src/ursaNative.h:13,
                 from ../src/ursaNative.cc:3:
/home/isaak/.cache/node-gyp/18.12.1/include/node/openssl/rsa.h:217:28: note: declared here
  217 | OSSL_DEPRECATEDIN_3_0 void RSA_get0_key(const RSA *r,
      |                            ^~~~~~~~~~~~
../src/ursaNative.cc:963:66: warning: ‘void RSA_get0_key(const RSA*, const BIGNUM**, const BIGNUM**, const BIGNUM**)’ is deprecated: Since OpenSSL 3.0 [-Wdeprecated-declarations]
  963 |   RSA_get0_key(obj->rsa, (const BIGNUM **)&obj->rsa_n, NULL, NULL);
      |                                                                  ^
In file included from ../src/ursaNative.h:13,
                 from ../src/ursaNative.cc:3:
/home/isaak/.cache/node-gyp/18.12.1/include/node/openssl/rsa.h:217:28: note: declared here
  217 | OSSL_DEPRECATEDIN_3_0 void RSA_get0_key(const RSA *r,
      |                            ^~~~~~~~~~~~
../src/ursaNative.cc: In static member function ‘static Nan::NAN_METHOD_RETURN_TYPE RsaWrap::GetPrivateKeyPem(Nan::NAN_METHOD_ARGS_TYPE)’:
../src/ursaNative.cc:1014:59: warning: ‘int PEM_write_bio_RSAPrivateKey(BIO*, const RSA*, const EVP_CIPHER*, const unsigned char*, int, int (*)(char*, int, int, void*), void*)’ is deprecated: Since OpenSSL 3.0 [-Wdeprecated-declarations]
 1014 |                                    passwordLen, NULL, NULL))
      |                                                           ^
In file included from /home/isaak/.cache/node-gyp/18.12.1/include/node/openssl/././archs/linux-x86_64/asm/include/openssl/ssl.h:36,
                 from /home/isaak/.cache/node-gyp/18.12.1/include/node/openssl/./ssl_asm.h:11,
                 from /home/isaak/.cache/node-gyp/18.12.1/include/node/openssl/ssl.h:4,
                 from ../src/ursaNative.cc:9:
/home/isaak/.cache/node-gyp/18.12.1/include/node/openssl/pem.h:81:9: note: declared here
   81 |     int PEM_##writename##_##name(OUTTYPE *out, const type *x,           \
      |         ^~~~
/home/isaak/.cache/node-gyp/18.12.1/include/node/openssl/pem.h:295:10: note: in expansion of macro ‘PEM_write_cb_fnsig’
  295 |     attr PEM_write_cb_fnsig(name, type, BIO, write_bio);
      |          ^~~~~~~~~~~~~~~~~~
/home/isaak/.cache/node-gyp/18.12.1/include/node/openssl/pem.h:322:5: note: in expansion of macro ‘DECLARE_PEM_write_cb_bio_attr’
  322 |     DECLARE_PEM_write_cb_bio_attr(attr, name, type)                         \
      |     ^~~~~~~~~~~~~~~~~~~~~~~~~~~~~
/home/isaak/.cache/node-gyp/18.12.1/include/node/openssl/pem.h:360:5: note: in expansion of macro ‘DECLARE_PEM_write_cb_attr’
  360 |     DECLARE_PEM_write_cb_attr(attr, name, type)
      |     ^~~~~~~~~~~~~~~~~~~~~~~~~
/home/isaak/.cache/node-gyp/18.12.1/include/node/openssl/pem.h:447:1: note: in expansion of macro ‘DECLARE_PEM_rw_cb_attr’
  447 | DECLARE_PEM_rw_cb_attr(OSSL_DEPRECATEDIN_3_0, RSAPrivateKey, RSA)
      | ^~~~~~~~~~~~~~~~~~~~~~
../src/ursaNative.cc:1014:59: warning: ‘int PEM_write_bio_RSAPrivateKey(BIO*, const RSA*, const EVP_CIPHER*, const unsigned char*, int, int (*)(char*, int, int, void*), void*)’ is deprecated: Since OpenSSL 3.0 [-Wdeprecated-declarations]
 1014 |                                    passwordLen, NULL, NULL))
      |                                                           ^
In file included from /home/isaak/.cache/node-gyp/18.12.1/include/node/openssl/././archs/linux-x86_64/asm/include/openssl/ssl.h:36,
                 from /home/isaak/.cache/node-gyp/18.12.1/include/node/openssl/./ssl_asm.h:11,
                 from /home/isaak/.cache/node-gyp/18.12.1/include/node/openssl/ssl.h:4,
                 from ../src/ursaNative.cc:9:
/home/isaak/.cache/node-gyp/18.12.1/include/node/openssl/pem.h:81:9: note: declared here
   81 |     int PEM_##writename##_##name(OUTTYPE *out, const type *x,           \
      |         ^~~~
/home/isaak/.cache/node-gyp/18.12.1/include/node/openssl/pem.h:295:10: note: in expansion of macro ‘PEM_write_cb_fnsig’
  295 |     attr PEM_write_cb_fnsig(name, type, BIO, write_bio);
      |          ^~~~~~~~~~~~~~~~~~
/home/isaak/.cache/node-gyp/18.12.1/include/node/openssl/pem.h:322:5: note: in expansion of macro ‘DECLARE_PEM_write_cb_bio_attr’
  322 |     DECLARE_PEM_write_cb_bio_attr(attr, name, type)                         \
      |     ^~~~~~~~~~~~~~~~~~~~~~~~~~~~~
/home/isaak/.cache/node-gyp/18.12.1/include/node/openssl/pem.h:360:5: note: in expansion of macro ‘DECLARE_PEM_write_cb_attr’
  360 |     DECLARE_PEM_write_cb_attr(attr, name, type)
      |     ^~~~~~~~~~~~~~~~~~~~~~~~~
/home/isaak/.cache/node-gyp/18.12.1/include/node/openssl/pem.h:447:1: note: in expansion of macro ‘DECLARE_PEM_rw_cb_attr’
  447 | DECLARE_PEM_rw_cb_attr(OSSL_DEPRECATEDIN_3_0, RSAPrivateKey, RSA)
      | ^~~~~~~~~~~~~~~~~~~~~~
../src/ursaNative.cc: In static member function ‘static Nan::NAN_METHOD_RETURN_TYPE RsaWrap::GetPublicKeyPem(Nan::NAN_METHOD_ARGS_TYPE)’:
../src/ursaNative.cc:1049:46: warning: ‘int PEM_write_bio_RSA_PUBKEY(BIO*, const RSA*)’ is deprecated: Since OpenSSL 3.0 [-Wdeprecated-declarations]
 1049 |   if (!PEM_write_bio_RSA_PUBKEY(bio, obj->rsa))
      |                                              ^
In file included from /home/isaak/.cache/node-gyp/18.12.1/include/node/openssl/././archs/linux-x86_64/asm/include/openssl/ssl.h:36,
                 from /home/isaak/.cache/node-gyp/18.12.1/include/node/openssl/./ssl_asm.h:11,
                 from /home/isaak/.cache/node-gyp/18.12.1/include/node/openssl/ssl.h:4,
                 from ../src/ursaNative.cc:9:
/home/isaak/.cache/node-gyp/18.12.1/include/node/openssl/pem.h:79:9: note: declared here
   79 |     int PEM_##writename##_##name(OUTTYPE *out, const type *x)
      |         ^~~~
/home/isaak/.cache/node-gyp/18.12.1/include/node/openssl/pem.h:278:10: note: in expansion of macro ‘PEM_write_fnsig’
  278 |     attr PEM_write_fnsig(name, type, BIO, write_bio);
      |          ^~~~~~~~~~~~~~~
/home/isaak/.cache/node-gyp/18.12.1/include/node/openssl/pem.h:305:5: note: in expansion of macro ‘DECLARE_PEM_write_bio_attr’
  305 |     DECLARE_PEM_write_bio_attr(attr, name, type)                            \
      |     ^~~~~~~~~~~~~~~~~~~~~~~~~~
/home/isaak/.cache/node-gyp/18.12.1/include/node/openssl/pem.h:343:5: note: in expansion of macro ‘DECLARE_PEM_write_attr’
  343 |     DECLARE_PEM_write_attr(attr, name, type)
      |     ^~~~~~~~~~~~~~~~~~~~~~
/home/isaak/.cache/node-gyp/18.12.1/include/node/openssl/pem.h:449:1: note: in expansion of macro ‘DECLARE_PEM_rw_attr’
  449 | DECLARE_PEM_rw_attr(OSSL_DEPRECATEDIN_3_0, RSA_PUBKEY, RSA)
      | ^~~~~~~~~~~~~~~~~~~
../src/ursaNative.cc:1049:46: warning: ‘int PEM_write_bio_RSA_PUBKEY(BIO*, const RSA*)’ is deprecated: Since OpenSSL 3.0 [-Wdeprecated-declarations]
 1049 |   if (!PEM_write_bio_RSA_PUBKEY(bio, obj->rsa))
      |                                              ^
In file included from /home/isaak/.cache/node-gyp/18.12.1/include/node/openssl/././archs/linux-x86_64/asm/include/openssl/ssl.h:36,
                 from /home/isaak/.cache/node-gyp/18.12.1/include/node/openssl/./ssl_asm.h:11,
                 from /home/isaak/.cache/node-gyp/18.12.1/include/node/openssl/ssl.h:4,
                 from ../src/ursaNative.cc:9:
/home/isaak/.cache/node-gyp/18.12.1/include/node/openssl/pem.h:79:9: note: declared here
   79 |     int PEM_##writename##_##name(OUTTYPE *out, const type *x)
      |         ^~~~
/home/isaak/.cache/node-gyp/18.12.1/include/node/openssl/pem.h:278:10: note: in expansion of macro ‘PEM_write_fnsig’
  278 |     attr PEM_write_fnsig(name, type, BIO, write_bio);
      |          ^~~~~~~~~~~~~~~
/home/isaak/.cache/node-gyp/18.12.1/include/node/openssl/pem.h:305:5: note: in expansion of macro ‘DECLARE_PEM_write_bio_attr’
  305 |     DECLARE_PEM_write_bio_attr(attr, name, type)                            \
      |     ^~~~~~~~~~~~~~~~~~~~~~~~~~
/home/isaak/.cache/node-gyp/18.12.1/include/node/openssl/pem.h:343:5: note: in expansion of macro ‘DECLARE_PEM_write_attr’
  343 |     DECLARE_PEM_write_attr(attr, name, type)
      |     ^~~~~~~~~~~~~~~~~~~~~~
/home/isaak/.cache/node-gyp/18.12.1/include/node/openssl/pem.h:449:1: note: in expansion of macro ‘DECLARE_PEM_rw_attr’
  449 | DECLARE_PEM_rw_attr(OSSL_DEPRECATEDIN_3_0, RSA_PUBKEY, RSA)
      | ^~~~~~~~~~~~~~~~~~~
../src/ursaNative.cc: In static member function ‘static Nan::NAN_METHOD_RETURN_TYPE RsaWrap::PrivateDecrypt(Nan::NAN_METHOD_ARGS_TYPE)’:
../src/ursaNative.cc:1095:36: warning: ‘int RSA_size(const RSA*)’ is deprecated: Since OpenSSL 3.0 [-Wdeprecated-declarations]
 1095 |   int rsaLength = RSA_size(obj->rsa);
      |                                    ^
In file included from ../src/ursaNative.h:13,
                 from ../src/ursaNative.cc:3:
/home/isaak/.cache/node-gyp/18.12.1/include/node/openssl/rsa.h:204:27: note: declared here
  204 | OSSL_DEPRECATEDIN_3_0 int RSA_size(const RSA *rsa);
      |                           ^~~~~~~~
../src/ursaNative.cc:1095:36: warning: ‘int RSA_size(const RSA*)’ is deprecated: Since OpenSSL 3.0 [-Wdeprecated-declarations]
 1095 |   int rsaLength = RSA_size(obj->rsa);
      |                                    ^
In file included from ../src/ursaNative.h:13,
                 from ../src/ursaNative.cc:3:
/home/isaak/.cache/node-gyp/18.12.1/include/node/openssl/rsa.h:204:27: note: declared here
  204 | OSSL_DEPRECATEDIN_3_0 int RSA_size(const RSA *rsa);
      |                           ^~~~~~~~
../src/ursaNative.cc:1103:38: error: no matching function for call to ‘v8::Value::Uint32Value()’
 1103 |   int padding = args[1]->Uint32Value();
      |                                      ^
In file included from /home/isaak/.cache/node-gyp/18.12.1/include/node/v8-primitive.h:11,
                 from /home/isaak/.cache/node-gyp/18.12.1/include/node/v8-object.h:11,
                 from /home/isaak/.cache/node-gyp/18.12.1/include/node/v8-array-buffer.h:13,
                 from /home/isaak/.cache/node-gyp/18.12.1/include/node/v8.h:24,
                 from /home/isaak/.cache/node-gyp/18.12.1/include/node/node.h:73,
                 from ../src/ursaNative.h:9,
                 from ../src/ursaNative.cc:3:
/home/isaak/.cache/node-gyp/18.12.1/include/node/v8-value.h:416:41: note: candidate: ‘v8::Maybe<unsigned int> v8::Value::Uint32Value(v8::Local<v8::Context>) const’
  416 |   V8_WARN_UNUSED_RESULT Maybe<uint32_t> Uint32Value(
      |                                         ^~~~~~~~~~~
/home/isaak/.cache/node-gyp/18.12.1/include/node/v8-value.h:416:41: note:   candidate expects 1 argument, 0 provided
../src/ursaNative.cc:1106:61: warning: ‘int RSA_private_decrypt(int, const unsigned char*, unsigned char*, RSA*, int)’ is deprecated: Since OpenSSL 3.0 [-Wdeprecated-declarations]
 1106 |                                       buf, obj->rsa, padding);
      |                                                             ^
In file included from ../src/ursaNative.h:13,
                 from ../src/ursaNative.cc:3:
/home/isaak/.cache/node-gyp/18.12.1/include/node/openssl/rsa.h:291:5: note: declared here
  291 | int RSA_private_decrypt(int flen, const unsigned char *from, unsigned char *to,
      |     ^~~~~~~~~~~~~~~~~~~
../src/ursaNative.cc:1106:61: warning: ‘int RSA_private_decrypt(int, const unsigned char*, unsigned char*, RSA*, int)’ is deprecated: Since OpenSSL 3.0 [-Wdeprecated-declarations]
 1106 |                                       buf, obj->rsa, padding);
      |                                                             ^
In file included from ../src/ursaNative.h:13,
                 from ../src/ursaNative.cc:3:
/home/isaak/.cache/node-gyp/18.12.1/include/node/openssl/rsa.h:291:5: note: declared here
  291 | int RSA_private_decrypt(int flen, const unsigned char *from, unsigned char *to,
      |     ^~~~~~~~~~~~~~~~~~~
../src/ursaNative.cc: In static member function ‘static Nan::NAN_METHOD_RETURN_TYPE RsaWrap::PrivateEncrypt(Nan::NAN_METHOD_ARGS_TYPE)’:
../src/ursaNative.cc:1153:36: warning: ‘int RSA_size(const RSA*)’ is deprecated: Since OpenSSL 3.0 [-Wdeprecated-declarations]
 1153 |   int rsaLength = RSA_size(obj->rsa);
      |                                    ^
In file included from ../src/ursaNative.h:13,
                 from ../src/ursaNative.cc:3:
/home/isaak/.cache/node-gyp/18.12.1/include/node/openssl/rsa.h:204:27: note: declared here
  204 | OSSL_DEPRECATEDIN_3_0 int RSA_size(const RSA *rsa);
      |                           ^~~~~~~~
../src/ursaNative.cc:1153:36: warning: ‘int RSA_size(const RSA*)’ is deprecated: Since OpenSSL 3.0 [-Wdeprecated-declarations]
 1153 |   int rsaLength = RSA_size(obj->rsa);
      |                                    ^
In file included from ../src/ursaNative.h:13,
                 from ../src/ursaNative.cc:3:
/home/isaak/.cache/node-gyp/18.12.1/include/node/openssl/rsa.h:204:27: note: declared here
  204 | OSSL_DEPRECATEDIN_3_0 int RSA_size(const RSA *rsa);
      |                           ^~~~~~~~
../src/ursaNative.cc:1161:38: error: no matching function for call to ‘v8::Value::Uint32Value()’
 1161 |   int padding = args[1]->Uint32Value();
      |                                      ^
In file included from /home/isaak/.cache/node-gyp/18.12.1/include/node/v8-primitive.h:11,
                 from /home/isaak/.cache/node-gyp/18.12.1/include/node/v8-object.h:11,
                 from /home/isaak/.cache/node-gyp/18.12.1/include/node/v8-array-buffer.h:13,
                 from /home/isaak/.cache/node-gyp/18.12.1/include/node/v8.h:24,
                 from /home/isaak/.cache/node-gyp/18.12.1/include/node/node.h:73,
                 from ../src/ursaNative.h:9,
                 from ../src/ursaNative.cc:3:
/home/isaak/.cache/node-gyp/18.12.1/include/node/v8-value.h:416:41: note: candidate: ‘v8::Maybe<unsigned int> v8::Value::Uint32Value(v8::Local<v8::Context>) const’
  416 |   V8_WARN_UNUSED_RESULT Maybe<uint32_t> Uint32Value(
      |                                         ^~~~~~~~~~~
/home/isaak/.cache/node-gyp/18.12.1/include/node/v8-value.h:416:41: note:   candidate expects 1 argument, 0 provided
../src/ursaNative.cc:1165:50: warning: ‘int RSA_private_encrypt(int, const unsigned char*, unsigned char*, RSA*, int)’ is deprecated: Since OpenSSL 3.0 [-Wdeprecated-declarations]
 1165 |                                 obj->rsa, padding);
      |                                                  ^
In file included from ../src/ursaNative.h:13,
                 from ../src/ursaNative.cc:3:
/home/isaak/.cache/node-gyp/18.12.1/include/node/openssl/rsa.h:285:5: note: declared here
  285 | int RSA_private_encrypt(int flen, const unsigned char *from, unsigned char *to,
      |     ^~~~~~~~~~~~~~~~~~~
../src/ursaNative.cc:1165:50: warning: ‘int RSA_private_encrypt(int, const unsigned char*, unsigned char*, RSA*, int)’ is deprecated: Since OpenSSL 3.0 [-Wdeprecated-declarations]
 1165 |                                 obj->rsa, padding);
      |                                                  ^
In file included from ../src/ursaNative.h:13,
                 from ../src/ursaNative.cc:3:
/home/isaak/.cache/node-gyp/18.12.1/include/node/openssl/rsa.h:285:5: note: declared here
  285 | int RSA_private_encrypt(int flen, const unsigned char *from, unsigned char *to,
      |     ^~~~~~~~~~~~~~~~~~~
../src/ursaNative.cc: In static member function ‘static Nan::NAN_METHOD_RETURN_TYPE RsaWrap::PublicDecrypt(Nan::NAN_METHOD_ARGS_TYPE)’:
../src/ursaNative.cc:1210:36: warning: ‘int RSA_size(const RSA*)’ is deprecated: Since OpenSSL 3.0 [-Wdeprecated-declarations]
 1210 |   int rsaLength = RSA_size(obj->rsa);
      |                                    ^
In file included from ../src/ursaNative.h:13,
                 from ../src/ursaNative.cc:3:
/home/isaak/.cache/node-gyp/18.12.1/include/node/openssl/rsa.h:204:27: note: declared here
  204 | OSSL_DEPRECATEDIN_3_0 int RSA_size(const RSA *rsa);
      |                           ^~~~~~~~
../src/ursaNative.cc:1210:36: warning: ‘int RSA_size(const RSA*)’ is deprecated: Since OpenSSL 3.0 [-Wdeprecated-declarations]
 1210 |   int rsaLength = RSA_size(obj->rsa);
      |                                    ^
In file included from ../src/ursaNative.h:13,
                 from ../src/ursaNative.cc:3:
/home/isaak/.cache/node-gyp/18.12.1/include/node/openssl/rsa.h:204:27: note: declared here
  204 | OSSL_DEPRECATEDIN_3_0 int RSA_size(const RSA *rsa);
      |                           ^~~~~~~~
../src/ursaNative.cc:1218:38: error: no matching function for call to ‘v8::Value::Uint32Value()’
 1218 |   int padding = args[1]->Uint32Value();
      |                                      ^
In file included from /home/isaak/.cache/node-gyp/18.12.1/include/node/v8-primitive.h:11,
                 from /home/isaak/.cache/node-gyp/18.12.1/include/node/v8-object.h:11,
                 from /home/isaak/.cache/node-gyp/18.12.1/include/node/v8-array-buffer.h:13,
                 from /home/isaak/.cache/node-gyp/18.12.1/include/node/v8.h:24,
                 from /home/isaak/.cache/node-gyp/18.12.1/include/node/node.h:73,
                 from ../src/ursaNative.h:9,
                 from ../src/ursaNative.cc:3:
/home/isaak/.cache/node-gyp/18.12.1/include/node/v8-value.h:416:41: note: candidate: ‘v8::Maybe<unsigned int> v8::Value::Uint32Value(v8::Local<v8::Context>) const’
  416 |   V8_WARN_UNUSED_RESULT Maybe<uint32_t> Uint32Value(
      |                                         ^~~~~~~~~~~
/home/isaak/.cache/node-gyp/18.12.1/include/node/v8-value.h:416:41: note:   candidate expects 1 argument, 0 provided
../src/ursaNative.cc:1221:60: warning: ‘int RSA_public_decrypt(int, const unsigned char*, unsigned char*, RSA*, int)’ is deprecated: Since OpenSSL 3.0 [-Wdeprecated-declarations]
 1221 |                                      buf, obj->rsa, padding);
      |                                                            ^
In file included from ../src/ursaNative.h:13,
                 from ../src/ursaNative.cc:3:
/home/isaak/.cache/node-gyp/18.12.1/include/node/openssl/rsa.h:288:5: note: declared here
  288 | int RSA_public_decrypt(int flen, const unsigned char *from, unsigned char *to,
      |     ^~~~~~~~~~~~~~~~~~
../src/ursaNative.cc:1221:60: warning: ‘int RSA_public_decrypt(int, const unsigned char*, unsigned char*, RSA*, int)’ is deprecated: Since OpenSSL 3.0 [-Wdeprecated-declarations]
 1221 |                                      buf, obj->rsa, padding);
      |                                                            ^
In file included from ../src/ursaNative.h:13,
                 from ../src/ursaNative.cc:3:
/home/isaak/.cache/node-gyp/18.12.1/include/node/openssl/rsa.h:288:5: note: declared here
  288 | int RSA_public_decrypt(int flen, const unsigned char *from, unsigned char *to,
      |     ^~~~~~~~~~~~~~~~~~
../src/ursaNative.cc: In static member function ‘static Nan::NAN_METHOD_RETURN_TYPE RsaWrap::PublicEncrypt(Nan::NAN_METHOD_ARGS_TYPE)’:
../src/ursaNative.cc:1264:36: warning: ‘int RSA_size(const RSA*)’ is deprecated: Since OpenSSL 3.0 [-Wdeprecated-declarations]
 1264 |   int rsaLength = RSA_size(obj->rsa);
      |                                    ^
In file included from ../src/ursaNative.h:13,
                 from ../src/ursaNative.cc:3:
/home/isaak/.cache/node-gyp/18.12.1/include/node/openssl/rsa.h:204:27: note: declared here
  204 | OSSL_DEPRECATEDIN_3_0 int RSA_size(const RSA *rsa);
      |                           ^~~~~~~~
../src/ursaNative.cc:1264:36: warning: ‘int RSA_size(const RSA*)’ is deprecated: Since OpenSSL 3.0 [-Wdeprecated-declarations]
 1264 |   int rsaLength = RSA_size(obj->rsa);
      |                                    ^
In file included from ../src/ursaNative.h:13,
                 from ../src/ursaNative.cc:3:
/home/isaak/.cache/node-gyp/18.12.1/include/node/openssl/rsa.h:204:27: note: declared here
  204 | OSSL_DEPRECATEDIN_3_0 int RSA_size(const RSA *rsa);
      |                           ^~~~~~~~
../src/ursaNative.cc:1272:38: error: no matching function for call to ‘v8::Value::Uint32Value()’
 1272 |   int padding = args[1]->Uint32Value();
      |                                      ^
In file included from /home/isaak/.cache/node-gyp/18.12.1/include/node/v8-primitive.h:11,
                 from /home/isaak/.cache/node-gyp/18.12.1/include/node/v8-object.h:11,
                 from /home/isaak/.cache/node-gyp/18.12.1/include/node/v8-array-buffer.h:13,
                 from /home/isaak/.cache/node-gyp/18.12.1/include/node/v8.h:24,
                 from /home/isaak/.cache/node-gyp/18.12.1/include/node/node.h:73,
                 from ../src/ursaNative.h:9,
                 from ../src/ursaNative.cc:3:
/home/isaak/.cache/node-gyp/18.12.1/include/node/v8-value.h:416:41: note: candidate: ‘v8::Maybe<unsigned int> v8::Value::Uint32Value(v8::Local<v8::Context>) const’
  416 |   V8_WARN_UNUSED_RESULT Maybe<uint32_t> Uint32Value(
      |                                         ^~~~~~~~~~~
/home/isaak/.cache/node-gyp/18.12.1/include/node/v8-value.h:416:41: note:   candidate expects 1 argument, 0 provided
../src/ursaNative.cc:1276:49: warning: ‘int RSA_public_encrypt(int, const unsigned char*, unsigned char*, RSA*, int)’ is deprecated: Since OpenSSL 3.0 [-Wdeprecated-declarations]
 1276 |                                obj->rsa, padding);
      |                                                 ^
In file included from ../src/ursaNative.h:13,
                 from ../src/ursaNative.cc:3:
/home/isaak/.cache/node-gyp/18.12.1/include/node/openssl/rsa.h:282:5: note: declared here
  282 | int RSA_public_encrypt(int flen, const unsigned char *from, unsigned char *to,
      |     ^~~~~~~~~~~~~~~~~~
../src/ursaNative.cc:1276:49: warning: ‘int RSA_public_encrypt(int, const unsigned char*, unsigned char*, RSA*, int)’ is deprecated: Since OpenSSL 3.0 [-Wdeprecated-declarations]
 1276 |                                obj->rsa, padding);
      |                                                 ^
In file included from ../src/ursaNative.h:13,
                 from ../src/ursaNative.cc:3:
/home/isaak/.cache/node-gyp/18.12.1/include/node/openssl/rsa.h:282:5: note: declared here
  282 | int RSA_public_encrypt(int flen, const unsigned char *from, unsigned char *to,
      |     ^~~~~~~~~~~~~~~~~~
../src/ursaNative.cc: In static member function ‘static Nan::NAN_METHOD_RETURN_TYPE RsaWrap::SetPrivateKeyPem(Nan::NAN_METHOD_ARGS_TYPE)’:
../src/ursaNative.cc:1328:65: warning: ‘RSA* PEM_read_bio_RSAPrivateKey(BIO*, RSA**, int (*)(char*, int, int, void*), void*)’ is deprecated: Since OpenSSL 3.0 [-Wdeprecated-declarations]
 1328 |     obj->rsa = PEM_read_bio_RSAPrivateKey(bio, NULL, 0, password);
      |                                                                 ^
In file included from /home/isaak/.cache/node-gyp/18.12.1/include/node/openssl/././archs/linux-x86_64/asm/include/openssl/ssl.h:36,
                 from /home/isaak/.cache/node-gyp/18.12.1/include/node/openssl/./ssl_asm.h:11,
                 from /home/isaak/.cache/node-gyp/18.12.1/include/node/openssl/ssl.h:4,
                 from ../src/ursaNative.cc:9:
/home/isaak/.cache/node-gyp/18.12.1/include/node/openssl/pem.h:70:11: note: declared here
   70 |     type *PEM_##readname##_##name(INTYPE *out, type **x,                \
      |           ^~~~
/home/isaak/.cache/node-gyp/18.12.1/include/node/openssl/pem.h:268:10: note: in expansion of macro ‘PEM_read_cb_fnsig’
  268 |     attr PEM_read_cb_fnsig(name, type, BIO, read_bio);
      |          ^~~~~~~~~~~~~~~~~
/home/isaak/.cache/node-gyp/18.12.1/include/node/openssl/pem.h:332:5: note: in expansion of macro ‘DECLARE_PEM_read_bio_attr’
  332 |     DECLARE_PEM_read_bio_attr(attr, name, type)                             \
      |     ^~~~~~~~~~~~~~~~~~~~~~~~~
/home/isaak/.cache/node-gyp/18.12.1/include/node/openssl/pem.h:359:5: note: in expansion of macro ‘DECLARE_PEM_read_attr’
  359 |     DECLARE_PEM_read_attr(attr, name, type)                                 \
      |     ^~~~~~~~~~~~~~~~~~~~~
/home/isaak/.cache/node-gyp/18.12.1/include/node/openssl/pem.h:447:1: note: in expansion of macro ‘DECLARE_PEM_rw_cb_attr’
  447 | DECLARE_PEM_rw_cb_attr(OSSL_DEPRECATEDIN_3_0, RSAPrivateKey, RSA)
      | ^~~~~~~~~~~~~~~~~~~~~~
../src/ursaNative.cc:1328:65: warning: ‘RSA* PEM_read_bio_RSAPrivateKey(BIO*, RSA**, int (*)(char*, int, int, void*), void*)’ is deprecated: Since OpenSSL 3.0 [-Wdeprecated-declarations]
 1328 |     obj->rsa = PEM_read_bio_RSAPrivateKey(bio, NULL, 0, password);
      |                                                                 ^
In file included from /home/isaak/.cache/node-gyp/18.12.1/include/node/openssl/././archs/linux-x86_64/asm/include/openssl/ssl.h:36,
                 from /home/isaak/.cache/node-gyp/18.12.1/include/node/openssl/./ssl_asm.h:11,
                 from /home/isaak/.cache/node-gyp/18.12.1/include/node/openssl/ssl.h:4,
                 from ../src/ursaNative.cc:9:
/home/isaak/.cache/node-gyp/18.12.1/include/node/openssl/pem.h:70:11: note: declared here
   70 |     type *PEM_##readname##_##name(INTYPE *out, type **x,                \
      |           ^~~~
/home/isaak/.cache/node-gyp/18.12.1/include/node/openssl/pem.h:268:10: note: in expansion of macro ‘PEM_read_cb_fnsig’
  268 |     attr PEM_read_cb_fnsig(name, type, BIO, read_bio);
      |          ^~~~~~~~~~~~~~~~~
/home/isaak/.cache/node-gyp/18.12.1/include/node/openssl/pem.h:332:5: note: in expansion of macro ‘DECLARE_PEM_read_bio_attr’
  332 |     DECLARE_PEM_read_bio_attr(attr, name, type)                             \
      |     ^~~~~~~~~~~~~~~~~~~~~~~~~
/home/isaak/.cache/node-gyp/18.12.1/include/node/openssl/pem.h:359:5: note: in expansion of macro ‘DECLARE_PEM_read_attr’
  359 |     DECLARE_PEM_read_attr(attr, name, type)                                 \
      |     ^~~~~~~~~~~~~~~~~~~~~
/home/isaak/.cache/node-gyp/18.12.1/include/node/openssl/pem.h:447:1: note: in expansion of macro ‘DECLARE_PEM_rw_cb_attr’
  447 | DECLARE_PEM_rw_cb_attr(OSSL_DEPRECATEDIN_3_0, RSAPrivateKey, RSA)
      | ^~~~~~~~~~~~~~~~~~~~~~
../src/ursaNative.cc: In static member function ‘static Nan::NAN_METHOD_RETURN_TYPE RsaWrap::SetPublicKeyPem(Nan::NAN_METHOD_ARGS_TYPE)’:
../src/ursaNative.cc:1374:59: warning: ‘RSA* PEM_read_bio_RSA_PUBKEY(BIO*, RSA**, int (*)(char*, int, int, void*), void*)’ is deprecated: Since OpenSSL 3.0 [-Wdeprecated-declarations]
 1374 |   obj->rsa = PEM_read_bio_RSA_PUBKEY(bio, NULL, NULL, NULL);
      |                                                           ^
In file included from /home/isaak/.cache/node-gyp/18.12.1/include/node/openssl/././archs/linux-x86_64/asm/include/openssl/ssl.h:36,
                 from /home/isaak/.cache/node-gyp/18.12.1/include/node/openssl/./ssl_asm.h:11,
                 from /home/isaak/.cache/node-gyp/18.12.1/include/node/openssl/ssl.h:4,
                 from ../src/ursaNative.cc:9:
/home/isaak/.cache/node-gyp/18.12.1/include/node/openssl/pem.h:70:11: note: declared here
   70 |     type *PEM_##readname##_##name(INTYPE *out, type **x,                \
      |           ^~~~
/home/isaak/.cache/node-gyp/18.12.1/include/node/openssl/pem.h:268:10: note: in expansion of macro ‘PEM_read_cb_fnsig’
  268 |     attr PEM_read_cb_fnsig(name, type, BIO, read_bio);
      |          ^~~~~~~~~~~~~~~~~
/home/isaak/.cache/node-gyp/18.12.1/include/node/openssl/pem.h:332:5: note: in expansion of macro ‘DECLARE_PEM_read_bio_attr’
  332 |     DECLARE_PEM_read_bio_attr(attr, name, type)                             \
      |     ^~~~~~~~~~~~~~~~~~~~~~~~~
/home/isaak/.cache/node-gyp/18.12.1/include/node/openssl/pem.h:342:5: note: in expansion of macro ‘DECLARE_PEM_read_attr’
  342 |     DECLARE_PEM_read_attr(attr, name, type)                                 \
      |     ^~~~~~~~~~~~~~~~~~~~~
/home/isaak/.cache/node-gyp/18.12.1/include/node/openssl/pem.h:449:1: note: in expansion of macro ‘DECLARE_PEM_rw_attr’
  449 | DECLARE_PEM_rw_attr(OSSL_DEPRECATEDIN_3_0, RSA_PUBKEY, RSA)
      | ^~~~~~~~~~~~~~~~~~~
../src/ursaNative.cc:1374:59: warning: ‘RSA* PEM_read_bio_RSA_PUBKEY(BIO*, RSA**, int (*)(char*, int, int, void*), void*)’ is deprecated: Since OpenSSL 3.0 [-Wdeprecated-declarations]
 1374 |   obj->rsa = PEM_read_bio_RSA_PUBKEY(bio, NULL, NULL, NULL);
      |                                                           ^
In file included from /home/isaak/.cache/node-gyp/18.12.1/include/node/openssl/././archs/linux-x86_64/asm/include/openssl/ssl.h:36,
                 from /home/isaak/.cache/node-gyp/18.12.1/include/node/openssl/./ssl_asm.h:11,
                 from /home/isaak/.cache/node-gyp/18.12.1/include/node/openssl/ssl.h:4,
                 from ../src/ursaNative.cc:9:
/home/isaak/.cache/node-gyp/18.12.1/include/node/openssl/pem.h:70:11: note: declared here
   70 |     type *PEM_##readname##_##name(INTYPE *out, type **x,                \
      |           ^~~~
/home/isaak/.cache/node-gyp/18.12.1/include/node/openssl/pem.h:268:10: note: in expansion of macro ‘PEM_read_cb_fnsig’
  268 |     attr PEM_read_cb_fnsig(name, type, BIO, read_bio);
      |          ^~~~~~~~~~~~~~~~~
/home/isaak/.cache/node-gyp/18.12.1/include/node/openssl/pem.h:332:5: note: in expansion of macro ‘DECLARE_PEM_read_bio_attr’
  332 |     DECLARE_PEM_read_bio_attr(attr, name, type)                             \
      |     ^~~~~~~~~~~~~~~~~~~~~~~~~
/home/isaak/.cache/node-gyp/18.12.1/include/node/openssl/pem.h:342:5: note: in expansion of macro ‘DECLARE_PEM_read_attr’
  342 |     DECLARE_PEM_read_attr(attr, name, type)                                 \
      |     ^~~~~~~~~~~~~~~~~~~~~
/home/isaak/.cache/node-gyp/18.12.1/include/node/openssl/pem.h:449:1: note: in expansion of macro ‘DECLARE_PEM_rw_attr’
  449 | DECLARE_PEM_rw_attr(OSSL_DEPRECATEDIN_3_0, RSA_PUBKEY, RSA)
      | ^~~~~~~~~~~~~~~~~~~
../src/ursaNative.cc: In static member function ‘static Nan::NAN_METHOD_RETURN_TYPE RsaWrap::Sign(Nan::NAN_METHOD_ARGS_TYPE)’:
../src/ursaNative.cc:1411:34: error: no matching function for call to ‘v8::Value::Uint32Value()’
 1411 |   int nid = args[0]->Uint32Value();
      |                                  ^
In file included from /home/isaak/.cache/node-gyp/18.12.1/include/node/v8-primitive.h:11,
                 from /home/isaak/.cache/node-gyp/18.12.1/include/node/v8-object.h:11,
                 from /home/isaak/.cache/node-gyp/18.12.1/include/node/v8-array-buffer.h:13,
                 from /home/isaak/.cache/node-gyp/18.12.1/include/node/v8.h:24,
                 from /home/isaak/.cache/node-gyp/18.12.1/include/node/node.h:73,
                 from ../src/ursaNative.h:9,
                 from ../src/ursaNative.cc:3:
/home/isaak/.cache/node-gyp/18.12.1/include/node/v8-value.h:416:41: note: candidate: ‘v8::Maybe<unsigned int> v8::Value::Uint32Value(v8::Local<v8::Context>) const’
  416 |   V8_WARN_UNUSED_RESULT Maybe<uint32_t> Uint32Value(
      |                                         ^~~~~~~~~~~
/home/isaak/.cache/node-gyp/18.12.1/include/node/v8-value.h:416:41: note:   candidate expects 1 argument, 0 provided
../src/ursaNative.cc:1426:57: warning: ‘int RSA_size(const RSA*)’ is deprecated: Since OpenSSL 3.0 [-Wdeprecated-declarations]
 1426 |   unsigned int rsaSize = (unsigned int)RSA_size(obj->rsa);
      |                                                         ^
In file included from ../src/ursaNative.h:13,
                 from ../src/ursaNative.cc:3:
/home/isaak/.cache/node-gyp/18.12.1/include/node/openssl/rsa.h:204:27: note: declared here
  204 | OSSL_DEPRECATEDIN_3_0 int RSA_size(const RSA *rsa);
      |                           ^~~~~~~~
../src/ursaNative.cc:1426:57: warning: ‘int RSA_size(const RSA*)’ is deprecated: Since OpenSSL 3.0 [-Wdeprecated-declarations]
 1426 |   unsigned int rsaSize = (unsigned int)RSA_size(obj->rsa);
      |                                                         ^
In file included from ../src/ursaNative.h:13,
                 from ../src/ursaNative.cc:3:
/home/isaak/.cache/node-gyp/18.12.1/include/node/openssl/rsa.h:204:27: note: declared here
  204 | OSSL_DEPRECATEDIN_3_0 int RSA_size(const RSA *rsa);
      |                           ^~~~~~~~
../src/ursaNative.cc:1432:42: warning: ‘int RSA_sign(int, const unsigned char*, unsigned int, unsigned char*, unsigned int*, RSA*)’ is deprecated: Since OpenSSL 3.0 [-Wdeprecated-declarations]
 1432 |                      &sigLength, obj->rsa);
      |                                          ^
In file included from ../src/ursaNative.h:13,
                 from ../src/ursaNative.cc:3:
/home/isaak/.cache/node-gyp/18.12.1/include/node/openssl/rsa.h:348:27: note: declared here
  348 | OSSL_DEPRECATEDIN_3_0 int RSA_sign(int type, const unsigned char *m,
      |                           ^~~~~~~~
../src/ursaNative.cc:1432:42: warning: ‘int RSA_sign(int, const unsigned char*, unsigned int, unsigned char*, unsigned int*, RSA*)’ is deprecated: Since OpenSSL 3.0 [-Wdeprecated-declarations]
 1432 |                      &sigLength, obj->rsa);
      |                                          ^
In file included from ../src/ursaNative.h:13,
                 from ../src/ursaNative.cc:3:
/home/isaak/.cache/node-gyp/18.12.1/include/node/openssl/rsa.h:348:27: note: declared here
  348 | OSSL_DEPRECATEDIN_3_0 int RSA_sign(int type, const unsigned char *m,
      |                           ^~~~~~~~
../src/ursaNative.cc: In static member function ‘static Nan::NAN_METHOD_RETURN_TYPE RsaWrap::Verify(Nan::NAN_METHOD_ARGS_TYPE)’:
../src/ursaNative.cc:1477:34: error: no matching function for call to ‘v8::Value::Uint32Value()’
 1477 |   int nid = args[0]->Uint32Value();
      |                                  ^
In file included from /home/isaak/.cache/node-gyp/18.12.1/include/node/v8-primitive.h:11,
                 from /home/isaak/.cache/node-gyp/18.12.1/include/node/v8-object.h:11,
                 from /home/isaak/.cache/node-gyp/18.12.1/include/node/v8-array-buffer.h:13,
                 from /home/isaak/.cache/node-gyp/18.12.1/include/node/v8.h:24,
                 from /home/isaak/.cache/node-gyp/18.12.1/include/node/node.h:73,
                 from ../src/ursaNative.h:9,
                 from ../src/ursaNative.cc:3:
/home/isaak/.cache/node-gyp/18.12.1/include/node/v8-value.h:416:41: note: candidate: ‘v8::Maybe<unsigned int> v8::Value::Uint32Value(v8::Local<v8::Context>) const’
  416 |   V8_WARN_UNUSED_RESULT Maybe<uint32_t> Uint32Value(
      |                                         ^~~~~~~~~~~
/home/isaak/.cache/node-gyp/18.12.1/include/node/v8-value.h:416:41: note:   candidate expects 1 argument, 0 provided
../src/ursaNative.cc:1506:65: warning: ‘int RSA_verify(int, const unsigned char*, unsigned int, const unsigned char*, unsigned int, RSA*)’ is deprecated: Since OpenSSL 3.0 [-Wdeprecated-declarations]
 1506 |                        (unsigned char *)sig, sigLength, obj->rsa);
      |                                                                 ^
In file included from ../src/ursaNative.h:13,
                 from ../src/ursaNative.cc:3:
/home/isaak/.cache/node-gyp/18.12.1/include/node/openssl/rsa.h:351:27: note: declared here
  351 | OSSL_DEPRECATEDIN_3_0 int RSA_verify(int type, const unsigned char *m,
      |                           ^~~~~~~~~~
../src/ursaNative.cc:1506:65: warning: ‘int RSA_verify(int, const unsigned char*, unsigned int, const unsigned char*, unsigned int, RSA*)’ is deprecated: Since OpenSSL 3.0 [-Wdeprecated-declarations]
 1506 |                        (unsigned char *)sig, sigLength, obj->rsa);
      |                                                                 ^
In file included from ../src/ursaNative.h:13,
                 from ../src/ursaNative.cc:3:
/home/isaak/.cache/node-gyp/18.12.1/include/node/openssl/rsa.h:351:27: note: declared here
  351 | OSSL_DEPRECATEDIN_3_0 int RSA_verify(int type, const unsigned char *m,
      |                           ^~~~~~~~~~
../src/ursaNative.cc: In static member function ‘static Nan::NAN_METHOD_RETURN_TYPE RsaWrap::AddPSSPadding(Nan::NAN_METHOD_ARGS_TYPE)’:
../src/ursaNative.cc:1554:34: error: no matching function for call to ‘v8::Value::Uint32Value()’
 1554 |   int nid = args[0]->Uint32Value();
      |                                  ^
In file included from /home/isaak/.cache/node-gyp/18.12.1/include/node/v8-primitive.h:11,
                 from /home/isaak/.cache/node-gyp/18.12.1/include/node/v8-object.h:11,
                 from /home/isaak/.cache/node-gyp/18.12.1/include/node/v8-array-buffer.h:13,
                 from /home/isaak/.cache/node-gyp/18.12.1/include/node/v8.h:24,
                 from /home/isaak/.cache/node-gyp/18.12.1/include/node/node.h:73,
                 from ../src/ursaNative.h:9,
                 from ../src/ursaNative.cc:3:
/home/isaak/.cache/node-gyp/18.12.1/include/node/v8-value.h:416:41: note: candidate: ‘v8::Maybe<unsigned int> v8::Value::Uint32Value(v8::Local<v8::Context>) const’
  416 |   V8_WARN_UNUSED_RESULT Maybe<uint32_t> Uint32Value(
      |                                         ^~~~~~~~~~~
/home/isaak/.cache/node-gyp/18.12.1/include/node/v8-value.h:416:41: note:   candidate expects 1 argument, 0 provided
../src/ursaNative.cc:1584:35: error: no matching function for call to ‘v8::Value::Uint32Value()’
 1584 |   int sLen = args[2]->Uint32Value();
      |                                   ^
In file included from /home/isaak/.cache/node-gyp/18.12.1/include/node/v8-primitive.h:11,
                 from /home/isaak/.cache/node-gyp/18.12.1/include/node/v8-object.h:11,
                 from /home/isaak/.cache/node-gyp/18.12.1/include/node/v8-array-buffer.h:13,
                 from /home/isaak/.cache/node-gyp/18.12.1/include/node/v8.h:24,
                 from /home/isaak/.cache/node-gyp/18.12.1/include/node/node.h:73,
                 from ../src/ursaNative.h:9,
                 from ../src/ursaNative.cc:3:
/home/isaak/.cache/node-gyp/18.12.1/include/node/v8-value.h:416:41: note: candidate: ‘v8::Maybe<unsigned int> v8::Value::Uint32Value(v8::Local<v8::Context>) const’
  416 |   V8_WARN_UNUSED_RESULT Maybe<uint32_t> Uint32Value(
      |                                         ^~~~~~~~~~~
/home/isaak/.cache/node-gyp/18.12.1/include/node/v8-value.h:416:41: note:   candidate expects 1 argument, 0 provided
../src/ursaNative.cc:1586:58: warning: ‘int RSA_size(const RSA*)’ is deprecated: Since OpenSSL 3.0 [-Wdeprecated-declarations]
 1586 |   unsigned int emLength = (unsigned int)RSA_size(obj->rsa);
      |                                                          ^
In file included from ../src/ursaNative.h:13,
                 from ../src/ursaNative.cc:3:
/home/isaak/.cache/node-gyp/18.12.1/include/node/openssl/rsa.h:204:27: note: declared here
  204 | OSSL_DEPRECATEDIN_3_0 int RSA_size(const RSA *rsa);
      |                           ^~~~~~~~
../src/ursaNative.cc:1586:58: warning: ‘int RSA_size(const RSA*)’ is deprecated: Since OpenSSL 3.0 [-Wdeprecated-declarations]
 1586 |   unsigned int emLength = (unsigned int)RSA_size(obj->rsa);
      |                                                          ^
In file included from ../src/ursaNative.h:13,
                 from ../src/ursaNative.cc:3:
/home/isaak/.cache/node-gyp/18.12.1/include/node/openssl/rsa.h:204:27: note: declared here
  204 | OSSL_DEPRECATEDIN_3_0 int RSA_size(const RSA *rsa);
      |                           ^~~~~~~~
../src/ursaNative.cc:1591:73: warning: ‘int RSA_padding_add_PKCS1_PSS(RSA*, unsigned char*, const unsigned char*, const EVP_MD*, int)’ is deprecated: Since OpenSSL 3.0 [-Wdeprecated-declarations]
 1591 |                                       (unsigned char *)mHash, Hash, sLen);
      |                                                                         ^
In file included from ../src/ursaNative.h:13,
                 from ../src/ursaNative.cc:3:
/home/isaak/.cache/node-gyp/18.12.1/include/node/openssl/rsa.h:428:5: note: declared here
  428 | int RSA_padding_add_PKCS1_PSS(RSA *rsa, unsigned char *EM,
      |     ^~~~~~~~~~~~~~~~~~~~~~~~~
../src/ursaNative.cc:1591:73: warning: ‘int RSA_padding_add_PKCS1_PSS(RSA*, unsigned char*, const unsigned char*, const EVP_MD*, int)’ is deprecated: Since OpenSSL 3.0 [-Wdeprecated-declarations]
 1591 |                                       (unsigned char *)mHash, Hash, sLen);
      |                                                                         ^
In file included from ../src/ursaNative.h:13,
                 from ../src/ursaNative.cc:3:
/home/isaak/.cache/node-gyp/18.12.1/include/node/openssl/rsa.h:428:5: note: declared here
  428 | int RSA_padding_add_PKCS1_PSS(RSA *rsa, unsigned char *EM,
      |     ^~~~~~~~~~~~~~~~~~~~~~~~~
../src/ursaNative.cc: In static member function ‘static Nan::NAN_METHOD_RETURN_TYPE RsaWrap::VerifyPSSPadding(Nan::NAN_METHOD_ARGS_TYPE)’:
../src/ursaNative.cc:1627:34: error: no matching function for call to ‘v8::Value::Uint32Value()’
 1627 |   int nid = args[0]->Uint32Value();
      |                                  ^
In file included from /home/isaak/.cache/node-gyp/18.12.1/include/node/v8-primitive.h:11,
                 from /home/isaak/.cache/node-gyp/18.12.1/include/node/v8-object.h:11,
                 from /home/isaak/.cache/node-gyp/18.12.1/include/node/v8-array-buffer.h:13,
                 from /home/isaak/.cache/node-gyp/18.12.1/include/node/v8.h:24,
                 from /home/isaak/.cache/node-gyp/18.12.1/include/node/node.h:73,
                 from ../src/ursaNative.h:9,
                 from ../src/ursaNative.cc:3:
/home/isaak/.cache/node-gyp/18.12.1/include/node/v8-value.h:416:41: note: candidate: ‘v8::Maybe<unsigned int> v8::Value::Uint32Value(v8::Local<v8::Context>) const’
  416 |   V8_WARN_UNUSED_RESULT Maybe<uint32_t> Uint32Value(
      |                                         ^~~~~~~~~~~
/home/isaak/.cache/node-gyp/18.12.1/include/node/v8-value.h:416:41: note:   candidate expects 1 argument, 0 provided
../src/ursaNative.cc:1658:66: warning: ‘int RSA_size(const RSA*)’ is deprecated: Since OpenSSL 3.0 [-Wdeprecated-declarations]
 1658 |   if (node::Buffer::Length(emBuffer) != (size_t)RSA_size(obj->rsa))
      |                                                                  ^
In file included from ../src/ursaNative.h:13,
                 from ../src/ursaNative.cc:3:
/home/isaak/.cache/node-gyp/18.12.1/include/node/openssl/rsa.h:204:27: note: declared here
  204 | OSSL_DEPRECATEDIN_3_0 int RSA_size(const RSA *rsa);
      |                           ^~~~~~~~
../src/ursaNative.cc:1658:66: warning: ‘int RSA_size(const RSA*)’ is deprecated: Since OpenSSL 3.0 [-Wdeprecated-declarations]
 1658 |   if (node::Buffer::Length(emBuffer) != (size_t)RSA_size(obj->rsa))
      |                                                                  ^
In file included from ../src/ursaNative.h:13,
                 from ../src/ursaNative.cc:3:
/home/isaak/.cache/node-gyp/18.12.1/include/node/openssl/rsa.h:204:27: note: declared here
  204 | OSSL_DEPRECATEDIN_3_0 int RSA_size(const RSA *rsa);
      |                           ^~~~~~~~
../src/ursaNative.cc:1674:35: error: no matching function for call to ‘v8::Value::Uint32Value()’
 1674 |   int sLen = args[3]->Uint32Value();
      |                                   ^
In file included from /home/isaak/.cache/node-gyp/18.12.1/include/node/v8-primitive.h:11,
                 from /home/isaak/.cache/node-gyp/18.12.1/include/node/v8-object.h:11,
                 from /home/isaak/.cache/node-gyp/18.12.1/include/node/v8-array-buffer.h:13,
                 from /home/isaak/.cache/node-gyp/18.12.1/include/node/v8.h:24,
                 from /home/isaak/.cache/node-gyp/18.12.1/include/node/node.h:73,
                 from ../src/ursaNative.h:9,
                 from ../src/ursaNative.cc:3:
/home/isaak/.cache/node-gyp/18.12.1/include/node/v8-value.h:416:41: note: candidate: ‘v8::Maybe<unsigned int> v8::Value::Uint32Value(v8::Local<v8::Context>) const’
  416 |   V8_WARN_UNUSED_RESULT Maybe<uint32_t> Uint32Value(
      |                                         ^~~~~~~~~~~
/home/isaak/.cache/node-gyp/18.12.1/include/node/v8-value.h:416:41: note:   candidate expects 1 argument, 0 provided
../src/ursaNative.cc:1677:89: warning: ‘int RSA_verify_PKCS1_PSS(RSA*, const unsigned char*, const EVP_MD*, const unsigned char*, int)’ is deprecated: Since OpenSSL 3.0 [-Wdeprecated-declarations]
 1677 |                                  (unsigned char *)mHash, Hash, (unsigned char *)EM, sLen);
      |                                                                                         ^
In file included from ../src/ursaNative.h:13,
                 from ../src/ursaNative.cc:3:
/home/isaak/.cache/node-gyp/18.12.1/include/node/openssl/rsa.h:424:5: note: declared here
  424 | int RSA_verify_PKCS1_PSS(RSA *rsa, const unsigned char *mHash,
      |     ^~~~~~~~~~~~~~~~~~~~
../src/ursaNative.cc:1677:89: warning: ‘int RSA_verify_PKCS1_PSS(RSA*, const unsigned char*, const EVP_MD*, const unsigned char*, int)’ is deprecated: Since OpenSSL 3.0 [-Wdeprecated-declarations]
 1677 |                                  (unsigned char *)mHash, Hash, (unsigned char *)EM, sLen);
      |                                                                                         ^
In file included from ../src/ursaNative.h:13,
                 from ../src/ursaNative.cc:3:
/home/isaak/.cache/node-gyp/18.12.1/include/node/openssl/rsa.h:424:5: note: declared here
  424 | int RSA_verify_PKCS1_PSS(RSA *rsa, const unsigned char *mHash,
      |     ^~~~~~~~~~~~~~~~~~~~
../src/ursaNative.cc: In static member function ‘static Nan::NAN_METHOD_RETURN_TYPE RsaWrap::CreatePrivateKeyFromComponents(Nan::NAN_METHOD_ARGS_TYPE)’:
../src/ursaNative.cc:1714:22: warning: ‘RSA* RSA_new()’ is deprecated: Since OpenSSL 3.0 [-Wdeprecated-declarations]
 1714 |   obj->rsa = RSA_new();
      |                      ^
In file included from ../src/ursaNative.h:13,
                 from ../src/ursaNative.cc:3:
/home/isaak/.cache/node-gyp/18.12.1/include/node/openssl/rsa.h:201:28: note: declared here
  201 | OSSL_DEPRECATEDIN_3_0 RSA *RSA_new(void);
      |                            ^~~~~~~
../src/ursaNative.cc:1714:22: warning: ‘RSA* RSA_new()’ is deprecated: Since OpenSSL 3.0 [-Wdeprecated-declarations]
 1714 |   obj->rsa = RSA_new();
      |                      ^
In file included from ../src/ursaNative.h:13,
                 from ../src/ursaNative.cc:3:
/home/isaak/.cache/node-gyp/18.12.1/include/node/openssl/rsa.h:201:28: note: declared here
  201 | OSSL_DEPRECATEDIN_3_0 RSA *RSA_new(void);
      |                            ^~~~~~~
../src/ursaNative.cc:1771:48: warning: ‘int RSA_set0_key(RSA*, BIGNUM*, BIGNUM*, BIGNUM*)’ is deprecated: Since OpenSSL 3.0 [-Wdeprecated-declarations]
 1771 |     RSA_set0_key(obj->rsa, modulus, exponent, d);
      |                                                ^
In file included from ../src/ursaNative.h:13,
                 from ../src/ursaNative.cc:3:
/home/isaak/.cache/node-gyp/18.12.1/include/node/openssl/rsa.h:207:27: note: declared here
  207 | OSSL_DEPRECATEDIN_3_0 int RSA_set0_key(RSA *r, BIGNUM *n, BIGNUM *e, BIGNUM *d);
      |                           ^~~~~~~~~~~~
../src/ursaNative.cc:1771:48: warning: ‘int RSA_set0_key(RSA*, BIGNUM*, BIGNUM*, BIGNUM*)’ is deprecated: Since OpenSSL 3.0 [-Wdeprecated-declarations]
 1771 |     RSA_set0_key(obj->rsa, modulus, exponent, d);
      |                                                ^
In file included from ../src/ursaNative.h:13,
                 from ../src/ursaNative.cc:3:
/home/isaak/.cache/node-gyp/18.12.1/include/node/openssl/rsa.h:207:27: note: declared here
  207 | OSSL_DEPRECATEDIN_3_0 int RSA_set0_key(RSA *r, BIGNUM *n, BIGNUM *e, BIGNUM *d);
      |                           ^~~~~~~~~~~~
../src/ursaNative.cc:1772:36: warning: ‘int RSA_set0_factors(RSA*, BIGNUM*, BIGNUM*)’ is deprecated: Since OpenSSL 3.0 [-Wdeprecated-declarations]
 1772 |     RSA_set0_factors(obj->rsa, p, q);
      |                                    ^
In file included from ../src/ursaNative.h:13,
                 from ../src/ursaNative.cc:3:
/home/isaak/.cache/node-gyp/18.12.1/include/node/openssl/rsa.h:208:27: note: declared here
  208 | OSSL_DEPRECATEDIN_3_0 int RSA_set0_factors(RSA *r, BIGNUM *p, BIGNUM *q);
      |                           ^~~~~~~~~~~~~~~~
../src/ursaNative.cc:1772:36: warning: ‘int RSA_set0_factors(RSA*, BIGNUM*, BIGNUM*)’ is deprecated: Since OpenSSL 3.0 [-Wdeprecated-declarations]
 1772 |     RSA_set0_factors(obj->rsa, p, q);
      |                                    ^
In file included from ../src/ursaNative.h:13,
                 from ../src/ursaNative.cc:3:
/home/isaak/.cache/node-gyp/18.12.1/include/node/openssl/rsa.h:208:27: note: declared here
  208 | OSSL_DEPRECATEDIN_3_0 int RSA_set0_factors(RSA *r, BIGNUM *p, BIGNUM *q);
      |                           ^~~~~~~~~~~~~~~~
../src/ursaNative.cc:1773:51: warning: ‘int RSA_set0_crt_params(RSA*, BIGNUM*, BIGNUM*, BIGNUM*)’ is deprecated: Since OpenSSL 3.0 [-Wdeprecated-declarations]
 1773 |     RSA_set0_crt_params(obj->rsa, dp, dq, inverseQ);
      |                                                   ^
In file included from ../src/ursaNative.h:13,
                 from ../src/ursaNative.cc:3:
/home/isaak/.cache/node-gyp/18.12.1/include/node/openssl/rsa.h:209:27: note: declared here
  209 | OSSL_DEPRECATEDIN_3_0 int RSA_set0_crt_params(RSA *r,
      |                           ^~~~~~~~~~~~~~~~~~~
../src/ursaNative.cc:1773:51: warning: ‘int RSA_set0_crt_params(RSA*, BIGNUM*, BIGNUM*, BIGNUM*)’ is deprecated: Since OpenSSL 3.0 [-Wdeprecated-declarations]
 1773 |     RSA_set0_crt_params(obj->rsa, dp, dq, inverseQ);
      |                                                   ^
In file included from ../src/ursaNative.h:13,
                 from ../src/ursaNative.cc:3:
/home/isaak/.cache/node-gyp/18.12.1/include/node/openssl/rsa.h:209:27: note: declared here
  209 | OSSL_DEPRECATEDIN_3_0 int RSA_set0_crt_params(RSA *r,
      |                           ^~~~~~~~~~~~~~~~~~~
../src/ursaNative.cc: In static member function ‘static Nan::NAN_METHOD_RETURN_TYPE RsaWrap::CreatePublicKeyFromComponents(Nan::NAN_METHOD_ARGS_TYPE)’:
../src/ursaNative.cc:1829:22: warning: ‘RSA* RSA_new()’ is deprecated: Since OpenSSL 3.0 [-Wdeprecated-declarations]
 1829 |   obj->rsa = RSA_new();
      |                      ^
In file included from ../src/ursaNative.h:13,
                 from ../src/ursaNative.cc:3:
/home/isaak/.cache/node-gyp/18.12.1/include/node/openssl/rsa.h:201:28: note: declared here
  201 | OSSL_DEPRECATEDIN_3_0 RSA *RSA_new(void);
      |                            ^~~~~~~
../src/ursaNative.cc:1829:22: warning: ‘RSA* RSA_new()’ is deprecated: Since OpenSSL 3.0 [-Wdeprecated-declarations]
 1829 |   obj->rsa = RSA_new();
      |                      ^
In file included from ../src/ursaNative.h:13,
                 from ../src/ursaNative.cc:3:
/home/isaak/.cache/node-gyp/18.12.1/include/node/openssl/rsa.h:201:28: note: declared here
  201 | OSSL_DEPRECATEDIN_3_0 RSA *RSA_new(void);
      |                            ^~~~~~~
../src/ursaNative.cc:1850:51: warning: ‘int RSA_set0_key(RSA*, BIGNUM*, BIGNUM*, BIGNUM*)’ is deprecated: Since OpenSSL 3.0 [-Wdeprecated-declarations]
 1850 |     RSA_set0_key(obj->rsa, modulus, exponent, NULL);
      |                                                   ^
In file included from ../src/ursaNative.h:13,
                 from ../src/ursaNative.cc:3:
/home/isaak/.cache/node-gyp/18.12.1/include/node/openssl/rsa.h:207:27: note: declared here
  207 | OSSL_DEPRECATEDIN_3_0 int RSA_set0_key(RSA *r, BIGNUM *n, BIGNUM *e, BIGNUM *d);
      |                           ^~~~~~~~~~~~
../src/ursaNative.cc:1850:51: warning: ‘int RSA_set0_key(RSA*, BIGNUM*, BIGNUM*, BIGNUM*)’ is deprecated: Since OpenSSL 3.0 [-Wdeprecated-declarations]
 1850 |     RSA_set0_key(obj->rsa, modulus, exponent, NULL);
      |                                                   ^
In file included from ../src/ursaNative.h:13,
                 from ../src/ursaNative.cc:3:
/home/isaak/.cache/node-gyp/18.12.1/include/node/openssl/rsa.h:207:27: note: declared here
  207 | OSSL_DEPRECATEDIN_3_0 int RSA_set0_key(RSA *r, BIGNUM *n, BIGNUM *e, BIGNUM *d);
      |                           ^~~~~~~~~~~~
make: *** [ursaNative.target.mk:113: Release/obj.target/ursaNative/src/ursaNative.o] Error 1
gyp ERR! build error 
gyp ERR! stack Error: `make` failed with exit code: 2
gyp ERR! stack     at ChildProcess.onExit (/usr/lib/node_modules/npm/node_modules/node-gyp/lib/build.js:201:23)
gyp ERR! stack     at ChildProcess.emit (node:events:513:28)
gyp ERR! stack     at ChildProcess._handle.onexit (node:internal/child_process:291:12)
gyp ERR! System Linux 5.15.0-52-generic
gyp ERR! command "/usr/bin/node" "/usr/lib/node_modules/npm/node_modules/node-gyp/bin/node-gyp.js" "rebuild"
gyp ERR! cwd /home/isaak/Workspace/ipfsDapp/client/node_modules/ursa-optional
gyp ERR! node -v v18.12.1
gyp ERR! node-gyp -v v9.1.0
gyp ERR! not ok 
